platforms/android/app/build/intermediates/manifest_merge_blame_file/debug/manifest-merger-blame-debug-report.txt
1<?xml version="1.0" encoding="utf-8"?>
2<manifest xmlns:android="http://schemas.android.com/apk/res/android"
3    package="io.cordova.hellocordova"
4    android:hardwareAccelerated="true"
5    android:versionCode="10000"
6    android:versionName="1.0.0" >
7
8    <uses-sdk
9        android:minSdkVersion="24"
9-->src\main\AndroidManifest.xml
10        android:targetSdkVersion="33" />
10-->src\main\AndroidManifest.xml
11
12    <supports-screens
12-->src\main\AndroidManifest.xml:3:5-191
13        android:anyDensity="true"
13-->src\main\AndroidManifest.xml:3:23-48
14        android:largeScreens="true"
14-->src\main\AndroidManifest.xml:3:49-76
15        android:normalScreens="true"
15-->src\main\AndroidManifest.xml:3:77-105
16        android:resizeable="true"
16-->src\main\AndroidManifest.xml:3:106-131
17        android:smallScreens="true"
17-->src\main\AndroidManifest.xml:3:132-159
18        android:xlargeScreens="true" />
18-->src\main\AndroidManifest.xml:3:160-188
19
20    <uses-permission android:name="android.permission.INTERNET" />
20-->src\main\AndroidManifest.xml:4:5-67
20-->src\main\AndroidManifest.xml:4:22-64
21    <uses-permission android:name="android.permission.CAMERA" />
21-->src\main\AndroidManifest.xml:5:5-65
21-->src\main\AndroidManifest.xml:5:22-62
22
23    <uses-feature
23-->src\main\AndroidManifest.xml:6:5-84
24        android:name="android.hardware.camera"
24-->src\main\AndroidManifest.xml:6:19-57
25        android:required="true" />
25-->src\main\AndroidManifest.xml:6:58-81
26
27    <uses-permission
27-->src\main\AndroidManifest.xml:18:5-108
28        android:name="android.permission.WRITE_EXTERNAL_STORAGE"
28-->src\main\AndroidManifest.xml:18:49-105
29        android:maxSdkVersion="32" />
29-->src\main\AndroidManifest.xml:18:22-48
30    <uses-permission android:name="android.permission.READ_MEDIA_IMAGES" />
30-->src\main\AndroidManifest.xml:19:5-76
30-->src\main\AndroidManifest.xml:19:22-73
31    <uses-permission android:name="android.permission.READ_MEDIA_VIDEO" />
31-->src\main\AndroidManifest.xml:20:5-75
31-->src\main\AndroidManifest.xml:20:22-72
32
33    <queries>
33-->src\main\AndroidManifest.xml:21:5-35:15
34        <intent>
34-->src\main\AndroidManifest.xml:22:9-24:18
35            <action android:name="android.media.action.IMAGE_CAPTURE" />
35-->src\main\AndroidManifest.xml:23:13-73
35-->src\main\AndroidManifest.xml:23:21-70
36        </intent>
37        <intent>
37-->src\main\AndroidManifest.xml:25:9-27:18
38            <action android:name="android.intent.action.GET_CONTENT" />
38-->src\main\AndroidManifest.xml:26:13-72
38-->src\main\AndroidManifest.xml:26:21-69
39        </intent>
40        <intent>
40-->src\main\AndroidManifest.xml:28:9-30:18
41            <action android:name="android.intent.action.PICK" />
41-->src\main\AndroidManifest.xml:29:13-65
41-->src\main\AndroidManifest.xml:29:21-62
42        </intent>
43        <intent>
43-->src\main\AndroidManifest.xml:31:9-34:18
44            <action android:name="com.android.camera.action.CROP" />
44-->src\main\AndroidManifest.xml:32:13-69
44-->src\main\AndroidManifest.xml:32:21-66
45
46            <data
46-->src\main\AndroidManifest.xml:33:13-73
47                android:mimeType="image/*"
47-->src\main\AndroidManifest.xml:33:19-45
48                android:scheme="content" />
48-->src\main\AndroidManifest.xml:33:46-70
49        </intent>
50    </queries>
51
52    <permission
52-->[androidx.core:core:1.9.0] AndroidManifest.xml:22:5-24:47
53        android:name="io.cordova.hellocordova.DYNAMIC_RECEIVER_NOT_EXPORTED_PERMISSION"
53-->[androidx.core:core:1.9.0] AndroidManifest.xml:23:9-81
54        android:protectionLevel="signature" />
54-->[androidx.core:core:1.9.0] AndroidManifest.xml:24:9-44
55
56    <uses-permission android:name="io.cordova.hellocordova.DYNAMIC_RECEIVER_NOT_EXPORTED_PERMISSION" />
56-->[androidx.core:core:1.9.0] AndroidManifest.xml:26:5-97
56-->[androidx.core:core:1.9.0] AndroidManifest.xml:26:22-94
57
58    <application
58-->src\main\AndroidManifest.xml:7:5-17:19
59        android:appComponentFactory="androidx.core.app.CoreComponentFactory"
59-->[androidx.core:core:1.9.0] AndroidManifest.xml:28:18-86
60        android:debuggable="true"
61        android:extractNativeLibs="false"
62        android:hardwareAccelerated="true"
62-->src\main\AndroidManifest.xml:7:18-52
63        android:icon="@mipmap/ic_launcher"
63-->src\main\AndroidManifest.xml:7:53-87
64        android:label="@string/app_name"
64-->src\main\AndroidManifest.xml:7:88-120
65        android:supportsRtl="true" >
65-->src\main\AndroidManifest.xml:7:121-147
66        <activity
66-->src\main\AndroidManifest.xml:8:9-13:20
67            android:name="io.cordova.hellocordova.MainActivity"
67-->src\main\AndroidManifest.xml:8:229-256
68            android:configChanges="orientation|keyboardHidden|keyboard|screenSize|locale|smallestScreenSize|screenLayout|uiMode"
68-->src\main\AndroidManifest.xml:8:19-135
69            android:exported="true"
69-->src\main\AndroidManifest.xml:8:136-159
70            android:label="@string/activity_name"
70-->src\main\AndroidManifest.xml:8:160-197
71            android:launchMode="singleTop"
71-->src\main\AndroidManifest.xml:8:198-228
72            android:theme="@style/Theme.App.SplashScreen"
72-->src\main\AndroidManifest.xml:8:257-302
73            android:windowSoftInputMode="adjustResize" >
73-->src\main\AndroidManifest.xml:8:303-345
74            <intent-filter android:label="@string/launcher_name" >
74-->src\main\AndroidManifest.xml:9:13-12:29
74-->src\main\AndroidManifest.xml:9:28-65
75                <action android:name="android.intent.action.MAIN" />
75-->src\main\AndroidManifest.xml:10:17-69
75-->src\main\AndroidManifest.xml:10:25-66
76
77                <category android:name="android.intent.category.LAUNCHER" />
77-->src\main\AndroidManifest.xml:11:17-77
77-->src\main\AndroidManifest.xml:11:27-74
78            </intent-filter>
79        </activity>
80
81        <provider
82            android:name="org.apache.cordova.camera.FileProvider"
82-->src\main\AndroidManifest.xml:14:149-202
83            android:authorities="io.cordova.hellocordova.cordova.plugin.camera.provider"
83-->src\main\AndroidManifest.xml:14:19-88
84            android:exported="false"
84-->src\main\AndroidManifest.xml:14:89-113
85            android:grantUriPermissions="true" >
85-->src\main\AndroidManifest.xml:14:114-148
86            <meta-data
86-->src\main\AndroidManifest.xml:15:13-123
87                android:name="android.support.FILE_PROVIDER_PATHS"
87-->src\main\AndroidManifest.xml:15:24-74
88                android:resource="@xml/camera_provider_paths" />
88-->src\main\AndroidManifest.xml:15:75-120
89        </provider>
90        <provider
90-->[androidx.emoji2:emoji2:1.2.0] AndroidManifest.xml:24:9-32:20
91            android:name="androidx.startup.InitializationProvider"
91-->[androidx.emoji2:emoji2:1.2.0] AndroidManifest.xml:25:13-67
92            android:authorities="io.cordova.hellocordova.androidx-startup"
92-->[androidx.emoji2:emoji2:1.2.0] AndroidManifest.xml:26:13-68
93            android:exported="false" >
93-->[androidx.emoji2:emoji2:1.2.0] AndroidManifest.xml:27:13-37
94            <meta-data
94-->[androidx.emoji2:emoji2:1.2.0] AndroidManifest.xml:29:13-31:52
95                android:name="androidx.emoji2.text.EmojiCompatInitializer"
95-->[androidx.emoji2:emoji2:1.2.0] AndroidManifest.xml:30:17-75
96                android:value="androidx.startup" />
96-->[androidx.emoji2:emoji2:1.2.0] AndroidManifest.xml:31:17-49
97            <meta-data
97-->[androidx.lifecycle:lifecycle-process:2.4.1] AndroidManifest.xml:31:13-33:52
98                android:name="androidx.lifecycle.ProcessLifecycleInitializer"
98-->[androidx.lifecycle:lifecycle-process:2.4.1] AndroidManifest.xml:32:17-78
99                android:value="androidx.startup" />
99-->[androidx.lifecycle:lifecycle-process:2.4.1] AndroidManifest.xml:33:17-49
100        </provider>
101    </application>
102
103</manifest>